<?xml version="1.0" encoding="UTF-8"?>
<!-- Generated by org.testng.reporters.JUnitReportReporter -->
<testsuite skipped="0" hostname="AHM-L-0117-070" name="testScenarios.VerifyRegistration" tests="1" failures="0" timestamp="2020-05-04T10:20:50 IST" time="565.313" errors="0">
  <testcase name="verifyRegistration" time="565.313" classname="testScenarios.VerifyRegistration"/>
  <system-out/>
</testsuite> <!-- testScenarios.VerifyRegistration -->
